<?xml version="1.0" encoding="UTF-8"?>
<!-- Generated by org.testng.reporters.JUnitReportReporter -->
<testsuite skipped="0" hostname="QB-TP3-2221" name="Testcases.ManageLocationTest" tests="1" failures="0" timestamp="2023-01-09T10:49:09 IST" time="6.709" errors="0">
  <testcase name="searchMethod" time="6.709" classname="Testcases.ManageLocationTest"/>
  <system-out/>
</testsuite> <!-- Testcases.ManageLocationTest -->
