<?xml version="1.0" encoding="UTF-8"?>
<!-- Generated by org.testng.reporters.JUnitReportReporter -->
<testsuite skipped="0" hostname="QB-TP3-2221" name="Testcases.ManageOrderTestCases" tests="2" failures="0" timestamp="2023-01-09T10:43:28 IST" time="27.239" errors="0">
  <testcase name="statusvalidation" time="7.066" classname="Testcases.ManageOrderTestCases"/>
  <system-out/>
  <testcase name="statusvalidation" time="20.173" classname="Testcases.ManageOrderTestCases"/>
  <system-out/>
</testsuite> <!-- Testcases.ManageOrderTestCases -->
