<?xml version="1.0" encoding="UTF-8"?>
<!-- Generated by org.testng.reporters.JUnitReportReporter -->
<testsuite skipped="0" hostname="QB-TP3-2221" name="Testcases.ManageOrderTestCases" tests="2" failures="0" timestamp="30 Dec 2022 02:46:54 GMT" time="28.571" errors="0">
  <testcase name="statusvalidation" time="8.549" classname="Testcases.ManageOrderTestCases"/>
  <testcase name="statusvalidation" time="20.022" classname="Testcases.ManageOrderTestCases"/>
</testsuite> <!-- Testcases.ManageOrderTestCases -->
